<?xml version="1.0" encoding="UTF-8"?>
<!-- Generated by org.testng.reporters.JUnitReportReporter -->
<testsuite hostname="Aishwaryas-MacBook-Air.local" name="com.finder.FinderServiceTest" tests="1" failures="0" timestamp="1 Feb 2016 06:00:31 GMT" time="0.022" errors="0">
  <testcase name="getLocationFromFileTest" time="0.022" classname="com.finder.FinderServiceTest"/>
</testsuite> <!-- com.finder.FinderServiceTest -->
