<?xml version="1.0" encoding="UTF-8"?>
<!-- Generated by org.testng.reporters.JUnitReportReporter -->
<testsuite hostname="Aishwaryas-MacBook-Air.local" name="com.finder.AppTest" tests="1" failures="0" timestamp="1 Feb 2016 06:13:07 GMT" time="0.009" errors="0">
  <testcase name="testApp" time="0.009" classname="com.finder.AppTest"/>
</testsuite> <!-- com.finder.AppTest -->
